{"C:\\Users\\tatyg\\Desktop\\Senior Design\\chorescence-api\\app.js": {"path":"C:\\Users\\tatyg\\Desktop\\Senior Design\\chorescence-api\\app.js","statementMap":{"0":{"start":{"line":1,"column":14},"end":{"line":1,"column":32}},"1":{"start":{"line":2,"column":17},"end":{"line":2,"column":41}},"2":{"start":{"line":3,"column":14},"end":{"line":3,"column":43}},"3":{"start":{"line":5,"column":12},"end":{"line":5,"column":21}},"4":{"start":{"line":8,"column":0},"end":{"line":13,"column":3}},"5":{"start":{"line":9,"column":2},"end":{"line":9,"column":52}},"6":{"start":{"line":10,"column":2},"end":{"line":10,"column":98}},"7":{"start":{"line":11,"column":2},"end":{"line":11,"column":85}},"8":{"start":{"line":12,"column":2},"end":{"line":12,"column":9}},"9":{"start":{"line":16,"column":16},"end":{"line":26,"column":1}},"10":{"start":{"line":28,"column":14},"end":{"line":28,"column":35}},"11":{"start":{"line":31,"column":18},"end":{"line":31,"column":45}},"12":{"start":{"line":32,"column":19},"end":{"line":32,"column":47}},"13":{"start":{"line":33,"column":19},"end":{"line":33,"column":47}},"14":{"start":{"line":34,"column":19},"end":{"line":34,"column":47}},"15":{"start":{"line":35,"column":20},"end":{"line":35,"column":49}},"16":{"start":{"line":38,"column":0},"end":{"line":38,"column":28}},"17":{"start":{"line":39,"column":0},"end":{"line":39,"column":30}},"18":{"start":{"line":40,"column":0},"end":{"line":40,"column":30}},"19":{"start":{"line":41,"column":0},"end":{"line":41,"column":30}},"20":{"start":{"line":42,"column":0},"end":{"line":42,"column":32}},"21":{"start":{"line":45,"column":0},"end":{"line":49,"column":2}},"22":{"start":{"line":52,"column":0},"end":{"line":54,"column":3}},"23":{"start":{"line":53,"column":2},"end":{"line":53,"column":59}},"24":{"start":{"line":56,"column":0},"end":{"line":56,"column":21}}},"fnMap":{"0":{"name":"(anonymous_0)","decl":{"start":{"line":8,"column":8},"end":{"line":8,"column":9}},"loc":{"start":{"line":8,"column":28},"end":{"line":13,"column":1}},"line":8},"1":{"name":"(anonymous_1)","decl":{"start":{"line":52,"column":13},"end":{"line":52,"column":14}},"loc":{"start":{"line":52,"column":27},"end":{"line":54,"column":1}},"line":52}},"branchMap":{},"s":{"0":6,"1":6,"2":6,"3":6,"4":6,"5":40,"6":40,"7":40,"8":40,"9":6,"10":6,"11":6,"12":6,"13":6,"14":6,"15":6,"16":6,"17":6,"18":6,"19":6,"20":6,"21":6,"22":6,"23":1,"24":6},"f":{"0":40,"1":1},"b":{},"_coverageSchema":"1a1c01bbd47fc00a2c39e90264f33305004495a9","hash":"8b8829a8f42916c9f496adfa70c0e3036cd80b62"}
,"C:\\Users\\tatyg\\Desktop\\Senior Design\\chorescence-api\\routes\\group.js": {"path":"C:\\Users\\tatyg\\Desktop\\Senior Design\\chorescence-api\\routes\\group.js","statementMap":{"0":{"start":{"line":2,"column":16},"end":{"line":2,"column":34}},"1":{"start":{"line":4,"column":15},"end":{"line":4,"column":31}},"2":{"start":{"line":6,"column":0},"end":{"line":6,"column":27}},"3":{"start":{"line":9,"column":11},"end":{"line":9,"column":37}},"4":{"start":{"line":11,"column":13},"end":{"line":11,"column":24}},"5":{"start":{"line":14,"column":15},"end":{"line":14,"column":28}},"6":{"start":{"line":15,"column":10},"end":{"line":15,"column":28}},"7":{"start":{"line":16,"column":13},"end":{"line":21,"column":2}},"8":{"start":{"line":44,"column":0},"end":{"line":64,"column":3}},"9":{"start":{"line":46,"column":18},"end":{"line":46,"column":30}},"10":{"start":{"line":47,"column":2},"end":{"line":62,"column":3}},"11":{"start":{"line":48,"column":4},"end":{"line":48,"column":65}},"12":{"start":{"line":51,"column":2},"end":{"line":51,"column":69}},"13":{"start":{"line":52,"column":2},"end":{"line":61,"column":5}},"14":{"start":{"line":53,"column":4},"end":{"line":60,"column":5}},"15":{"start":{"line":54,"column":6},"end":{"line":54,"column":62}},"16":{"start":{"line":55,"column":6},"end":{"line":55,"column":26}},"17":{"start":{"line":58,"column":6},"end":{"line":58,"column":33}},"18":{"start":{"line":59,"column":6},"end":{"line":59,"column":95}},"19":{"start":{"line":95,"column":0},"end":{"line":116,"column":3}},"20":{"start":{"line":96,"column":15},"end":{"line":96,"column":23}},"21":{"start":{"line":97,"column":2},"end":{"line":97,"column":30}},"22":{"start":{"line":99,"column":2},"end":{"line":115,"column":3}},"23":{"start":{"line":100,"column":4},"end":{"line":100,"column":72}},"24":{"start":{"line":104,"column":2},"end":{"line":104,"column":113}},"25":{"start":{"line":105,"column":2},"end":{"line":114,"column":5}},"26":{"start":{"line":106,"column":4},"end":{"line":113,"column":5}},"27":{"start":{"line":107,"column":6},"end":{"line":107,"column":57}},"28":{"start":{"line":108,"column":6},"end":{"line":108,"column":26}},"29":{"start":{"line":111,"column":6},"end":{"line":111,"column":33}},"30":{"start":{"line":112,"column":6},"end":{"line":112,"column":45}},"31":{"start":{"line":185,"column":0},"end":{"line":206,"column":3}},"32":{"start":{"line":186,"column":18},"end":{"line":186,"column":30}},"33":{"start":{"line":187,"column":17},"end":{"line":187,"column":33}},"34":{"start":{"line":188,"column":2},"end":{"line":205,"column":3}},"35":{"start":{"line":189,"column":4},"end":{"line":189,"column":72}},"36":{"start":{"line":193,"column":4},"end":{"line":193,"column":107}},"37":{"start":{"line":194,"column":4},"end":{"line":194,"column":23}},"38":{"start":{"line":195,"column":4},"end":{"line":204,"column":7}},"39":{"start":{"line":196,"column":6},"end":{"line":203,"column":7}},"40":{"start":{"line":197,"column":8},"end":{"line":197,"column":64}},"41":{"start":{"line":198,"column":8},"end":{"line":198,"column":28}},"42":{"start":{"line":201,"column":8},"end":{"line":201,"column":35}},"43":{"start":{"line":202,"column":8},"end":{"line":202,"column":28}},"44":{"start":{"line":228,"column":0},"end":{"line":247,"column":3}},"45":{"start":{"line":229,"column":16},"end":{"line":229,"column":28}},"46":{"start":{"line":230,"column":2},"end":{"line":246,"column":3}},"47":{"start":{"line":231,"column":4},"end":{"line":231,"column":65}},"48":{"start":{"line":235,"column":4},"end":{"line":235,"column":72}},"49":{"start":{"line":236,"column":4},"end":{"line":245,"column":7}},"50":{"start":{"line":237,"column":6},"end":{"line":244,"column":7}},"51":{"start":{"line":238,"column":8},"end":{"line":238,"column":54}},"52":{"start":{"line":239,"column":8},"end":{"line":239,"column":28}},"53":{"start":{"line":242,"column":8},"end":{"line":242,"column":35}},"54":{"start":{"line":243,"column":8},"end":{"line":243,"column":44}},"55":{"start":{"line":249,"column":0},"end":{"line":249,"column":24}}},"fnMap":{"0":{"name":"(anonymous_0)","decl":{"start":{"line":44,"column":16},"end":{"line":44,"column":17}},"loc":{"start":{"line":44,"column":30},"end":{"line":64,"column":1}},"line":44},"1":{"name":"(anonymous_1)","decl":{"start":{"line":52,"column":20},"end":{"line":52,"column":21}},"loc":{"start":{"line":52,"column":39},"end":{"line":61,"column":3}},"line":52},"2":{"name":"(anonymous_2)","decl":{"start":{"line":95,"column":23},"end":{"line":95,"column":24}},"loc":{"start":{"line":95,"column":37},"end":{"line":116,"column":1}},"line":95},"3":{"name":"(anonymous_3)","decl":{"start":{"line":105,"column":38},"end":{"line":105,"column":39}},"loc":{"start":{"line":105,"column":57},"end":{"line":114,"column":3}},"line":105},"4":{"name":"(anonymous_4)","decl":{"start":{"line":185,"column":22},"end":{"line":185,"column":23}},"loc":{"start":{"line":185,"column":36},"end":{"line":206,"column":1}},"line":185},"5":{"name":"(anonymous_5)","decl":{"start":{"line":195,"column":22},"end":{"line":195,"column":23}},"loc":{"start":{"line":195,"column":41},"end":{"line":204,"column":5}},"line":195},"6":{"name":"(anonymous_6)","decl":{"start":{"line":228,"column":25},"end":{"line":228,"column":26}},"loc":{"start":{"line":228,"column":39},"end":{"line":247,"column":1}},"line":228},"7":{"name":"(anonymous_7)","decl":{"start":{"line":236,"column":22},"end":{"line":236,"column":23}},"loc":{"start":{"line":236,"column":41},"end":{"line":245,"column":5}},"line":236}},"branchMap":{"0":{"loc":{"start":{"line":47,"column":2},"end":{"line":62,"column":3}},"type":"if","locations":[{"start":{"line":47,"column":2},"end":{"line":62,"column":3}},{"start":{"line":47,"column":2},"end":{"line":62,"column":3}}],"line":47},"1":{"loc":{"start":{"line":53,"column":4},"end":{"line":60,"column":5}},"type":"if","locations":[{"start":{"line":53,"column":4},"end":{"line":60,"column":5}},{"start":{"line":53,"column":4},"end":{"line":60,"column":5}}],"line":53},"2":{"loc":{"start":{"line":59,"column":6},"end":{"line":59,"column":94}},"type":"cond-expr","locations":[{"start":{"line":59,"column":34},"end":{"line":59,"column":72}},{"start":{"line":59,"column":75},"end":{"line":59,"column":94}}],"line":59},"3":{"loc":{"start":{"line":99,"column":2},"end":{"line":115,"column":3}},"type":"if","locations":[{"start":{"line":99,"column":2},"end":{"line":115,"column":3}},{"start":{"line":99,"column":2},"end":{"line":115,"column":3}}],"line":99},"4":{"loc":{"start":{"line":99,"column":6},"end":{"line":99,"column":73}},"type":"binary-expr","locations":[{"start":{"line":99,"column":6},"end":{"line":99,"column":36}},{"start":{"line":99,"column":40},"end":{"line":99,"column":73}}],"line":99},"5":{"loc":{"start":{"line":106,"column":4},"end":{"line":113,"column":5}},"type":"if","locations":[{"start":{"line":106,"column":4},"end":{"line":113,"column":5}},{"start":{"line":106,"column":4},"end":{"line":113,"column":5}}],"line":106},"6":{"loc":{"start":{"line":188,"column":2},"end":{"line":205,"column":3}},"type":"if","locations":[{"start":{"line":188,"column":2},"end":{"line":205,"column":3}},{"start":{"line":188,"column":2},"end":{"line":205,"column":3}}],"line":188},"7":{"loc":{"start":{"line":188,"column":6},"end":{"line":188,"column":25}},"type":"binary-expr","locations":[{"start":{"line":188,"column":6},"end":{"line":188,"column":14}},{"start":{"line":188,"column":18},"end":{"line":188,"column":25}}],"line":188},"8":{"loc":{"start":{"line":196,"column":6},"end":{"line":203,"column":7}},"type":"if","locations":[{"start":{"line":196,"column":6},"end":{"line":203,"column":7}},{"start":{"line":196,"column":6},"end":{"line":203,"column":7}}],"line":196},"9":{"loc":{"start":{"line":230,"column":2},"end":{"line":246,"column":3}},"type":"if","locations":[{"start":{"line":230,"column":2},"end":{"line":246,"column":3}},{"start":{"line":230,"column":2},"end":{"line":246,"column":3}}],"line":230},"10":{"loc":{"start":{"line":237,"column":6},"end":{"line":244,"column":7}},"type":"if","locations":[{"start":{"line":237,"column":6},"end":{"line":244,"column":7}},{"start":{"line":237,"column":6},"end":{"line":244,"column":7}}],"line":237}},"s":{"0":6,"1":6,"2":6,"3":6,"4":6,"5":6,"6":6,"7":6,"8":6,"9":3,"10":3,"11":1,"12":2,"13":2,"14":2,"15":0,"16":0,"17":2,"18":2,"19":6,"20":2,"21":2,"22":2,"23":1,"24":1,"25":1,"26":1,"27":0,"28":0,"29":1,"30":1,"31":6,"32":1,"33":1,"34":1,"35":1,"36":0,"37":0,"38":0,"39":0,"40":0,"41":0,"42":0,"43":0,"44":6,"45":1,"46":1,"47":0,"48":1,"49":1,"50":1,"51":0,"52":0,"53":1,"54":1,"55":6},"f":{"0":3,"1":2,"2":2,"3":1,"4":1,"5":0,"6":1,"7":1},"b":{"0":[1,2],"1":[0,2],"2":[1,1],"3":[1,1],"4":[2,1],"5":[0,1],"6":[1,0],"7":[1,0],"8":[0,0],"9":[0,1],"10":[0,1]},"_coverageSchema":"1a1c01bbd47fc00a2c39e90264f33305004495a9","hash":"2516a42f9834cabbf25495ee396b83837f8ffb43"}
,"C:\\Users\\tatyg\\Desktop\\Senior Design\\chorescence-api\\routes\\login.js": {"path":"C:\\Users\\tatyg\\Desktop\\Senior Design\\chorescence-api\\routes\\login.js","statementMap":{"0":{"start":{"line":2,"column":16},"end":{"line":2,"column":34}},"1":{"start":{"line":4,"column":15},"end":{"line":4,"column":31}},"2":{"start":{"line":6,"column":15},"end":{"line":6,"column":28}},"3":{"start":{"line":7,"column":10},"end":{"line":7,"column":28}},"4":{"start":{"line":8,"column":13},"end":{"line":13,"column":2}},"5":{"start":{"line":40,"column":0},"end":{"line":60,"column":1}},"6":{"start":{"line":41,"column":18},"end":{"line":41,"column":33}},"7":{"start":{"line":42,"column":21},"end":{"line":42,"column":39}},"8":{"start":{"line":44,"column":4},"end":{"line":58,"column":3}},"9":{"start":{"line":45,"column":8},"end":{"line":45,"column":28}},"10":{"start":{"line":47,"column":6},"end":{"line":47,"column":119}},"11":{"start":{"line":48,"column":6},"end":{"line":57,"column":7}},"12":{"start":{"line":49,"column":6},"end":{"line":56,"column":7}},"13":{"start":{"line":50,"column":8},"end":{"line":50,"column":59}},"14":{"start":{"line":51,"column":8},"end":{"line":51,"column":28}},"15":{"start":{"line":54,"column":8},"end":{"line":54,"column":35}},"16":{"start":{"line":55,"column":8},"end":{"line":55,"column":97}},"17":{"start":{"line":63,"column":0},"end":{"line":63,"column":24}}},"fnMap":{"0":{"name":"(anonymous_0)","decl":{"start":{"line":40,"column":16},"end":{"line":40,"column":17}},"loc":{"start":{"line":40,"column":30},"end":{"line":59,"column":3}},"line":40},"1":{"name":"(anonymous_1)","decl":{"start":{"line":48,"column":63},"end":{"line":48,"column":64}},"loc":{"start":{"line":48,"column":82},"end":{"line":57,"column":5}},"line":48}},"branchMap":{"0":{"loc":{"start":{"line":44,"column":4},"end":{"line":58,"column":3}},"type":"if","locations":[{"start":{"line":44,"column":4},"end":{"line":58,"column":3}},{"start":{"line":44,"column":4},"end":{"line":58,"column":3}}],"line":44},"1":{"loc":{"start":{"line":44,"column":7},"end":{"line":44,"column":26}},"type":"binary-expr","locations":[{"start":{"line":44,"column":7},"end":{"line":44,"column":16}},{"start":{"line":44,"column":20},"end":{"line":44,"column":26}}],"line":44},"2":{"loc":{"start":{"line":49,"column":6},"end":{"line":56,"column":7}},"type":"if","locations":[{"start":{"line":49,"column":6},"end":{"line":56,"column":7}},{"start":{"line":49,"column":6},"end":{"line":56,"column":7}}],"line":49},"3":{"loc":{"start":{"line":55,"column":8},"end":{"line":55,"column":96}},"type":"cond-expr","locations":[{"start":{"line":55,"column":36},"end":{"line":55,"column":74}},{"start":{"line":55,"column":77},"end":{"line":55,"column":96}}],"line":55}},"s":{"0":6,"1":6,"2":6,"3":6,"4":6,"5":6,"6":5,"7":5,"8":5,"9":3,"10":2,"11":2,"12":2,"13":0,"14":0,"15":2,"16":2,"17":6},"f":{"0":5,"1":2},"b":{"0":[3,2],"1":[5,3],"2":[0,2],"3":[1,1]},"_coverageSchema":"1a1c01bbd47fc00a2c39e90264f33305004495a9","hash":"2174fe3c027aac312aee997b0187b31737dbb232"}
,"C:\\Users\\tatyg\\Desktop\\Senior Design\\chorescence-api\\routes\\signup.js": {"path":"C:\\Users\\tatyg\\Desktop\\Senior Design\\chorescence-api\\routes\\signup.js","statementMap":{"0":{"start":{"line":2,"column":16},"end":{"line":2,"column":34}},"1":{"start":{"line":4,"column":15},"end":{"line":4,"column":31}},"2":{"start":{"line":6,"column":15},"end":{"line":6,"column":28}},"3":{"start":{"line":7,"column":10},"end":{"line":7,"column":28}},"4":{"start":{"line":8,"column":13},"end":{"line":13,"column":2}},"5":{"start":{"line":55,"column":0},"end":{"line":84,"column":1}},"6":{"start":{"line":56,"column":18},"end":{"line":56,"column":33}},"7":{"start":{"line":57,"column":21},"end":{"line":57,"column":39}},"8":{"start":{"line":58,"column":21},"end":{"line":58,"column":39}},"9":{"start":{"line":59,"column":18},"end":{"line":59,"column":33}},"10":{"start":{"line":60,"column":18},"end":{"line":60,"column":33}},"11":{"start":{"line":62,"column":4},"end":{"line":65,"column":5}},"12":{"start":{"line":63,"column":17},"end":{"line":63,"column":23}},"13":{"start":{"line":64,"column":6},"end":{"line":64,"column":18}},"14":{"start":{"line":67,"column":4},"end":{"line":67,"column":23}},"15":{"start":{"line":68,"column":4},"end":{"line":82,"column":3}},"16":{"start":{"line":69,"column":8},"end":{"line":69,"column":28}},"17":{"start":{"line":71,"column":6},"end":{"line":71,"column":125}},"18":{"start":{"line":72,"column":6},"end":{"line":81,"column":7}},"19":{"start":{"line":73,"column":6},"end":{"line":80,"column":7}},"20":{"start":{"line":74,"column":8},"end":{"line":74,"column":58}},"21":{"start":{"line":75,"column":8},"end":{"line":75,"column":28}},"22":{"start":{"line":78,"column":8},"end":{"line":78,"column":35}},"23":{"start":{"line":79,"column":8},"end":{"line":79,"column":28}},"24":{"start":{"line":87,"column":0},"end":{"line":87,"column":24}}},"fnMap":{"0":{"name":"(anonymous_0)","decl":{"start":{"line":55,"column":17},"end":{"line":55,"column":18}},"loc":{"start":{"line":55,"column":31},"end":{"line":83,"column":3}},"line":55},"1":{"name":"(anonymous_1)","decl":{"start":{"line":72,"column":87},"end":{"line":72,"column":88}},"loc":{"start":{"line":72,"column":106},"end":{"line":81,"column":5}},"line":72}},"branchMap":{"0":{"loc":{"start":{"line":62,"column":4},"end":{"line":65,"column":5}},"type":"if","locations":[{"start":{"line":62,"column":4},"end":{"line":65,"column":5}},{"start":{"line":62,"column":4},"end":{"line":65,"column":5}}],"line":62},"1":{"loc":{"start":{"line":68,"column":4},"end":{"line":82,"column":3}},"type":"if","locations":[{"start":{"line":68,"column":4},"end":{"line":82,"column":3}},{"start":{"line":68,"column":4},"end":{"line":82,"column":3}}],"line":68},"2":{"loc":{"start":{"line":68,"column":7},"end":{"line":68,"column":59}},"type":"binary-expr","locations":[{"start":{"line":68,"column":7},"end":{"line":68,"column":13}},{"start":{"line":68,"column":17},"end":{"line":68,"column":26}},{"start":{"line":68,"column":30},"end":{"line":68,"column":39}},{"start":{"line":68,"column":43},"end":{"line":68,"column":49}},{"start":{"line":68,"column":53},"end":{"line":68,"column":59}}],"line":68},"3":{"loc":{"start":{"line":73,"column":6},"end":{"line":80,"column":7}},"type":"if","locations":[{"start":{"line":73,"column":6},"end":{"line":80,"column":7}},{"start":{"line":73,"column":6},"end":{"line":80,"column":7}}],"line":73}},"s":{"0":6,"1":6,"2":6,"3":6,"4":6,"5":6,"6":6,"7":6,"8":6,"9":6,"10":6,"11":6,"12":6,"13":6,"14":6,"15":6,"16":6,"17":0,"18":0,"19":0,"20":0,"21":0,"22":0,"23":0,"24":6},"f":{"0":6,"1":0},"b":{"0":[6,0],"1":[6,0],"2":[6,4,3,0,0],"3":[0,0]},"_coverageSchema":"1a1c01bbd47fc00a2c39e90264f33305004495a9","hash":"eb53495452c0bdf768884b832a2441a3cd5c53f9"}
,"C:\\Users\\tatyg\\Desktop\\Senior Design\\chorescence-api\\routes\\tasks.js": {"path":"C:\\Users\\tatyg\\Desktop\\Senior Design\\chorescence-api\\routes\\tasks.js","statementMap":{"0":{"start":{"line":2,"column":16},"end":{"line":2,"column":34}},"1":{"start":{"line":4,"column":15},"end":{"line":4,"column":31}},"2":{"start":{"line":6,"column":0},"end":{"line":6,"column":27}},"3":{"start":{"line":9,"column":15},"end":{"line":9,"column":28}},"4":{"start":{"line":10,"column":13},"end":{"line":15,"column":2}},"5":{"start":{"line":44,"column":0},"end":{"line":81,"column":3}},"6":{"start":{"line":45,"column":18},"end":{"line":45,"column":35}},"7":{"start":{"line":46,"column":17},"end":{"line":46,"column":33}},"8":{"start":{"line":47,"column":2},"end":{"line":47,"column":31}},"9":{"start":{"line":49,"column":2},"end":{"line":80,"column":3}},"10":{"start":{"line":50,"column":4},"end":{"line":50,"column":24}},"11":{"start":{"line":51,"column":4},"end":{"line":51,"column":11}},"12":{"start":{"line":54,"column":7},"end":{"line":80,"column":3}},"13":{"start":{"line":55,"column":4},"end":{"line":55,"column":179}},"14":{"start":{"line":56,"column":4},"end":{"line":65,"column":7}},"15":{"start":{"line":57,"column":6},"end":{"line":64,"column":7}},"16":{"start":{"line":58,"column":8},"end":{"line":58,"column":64}},"17":{"start":{"line":59,"column":8},"end":{"line":59,"column":28}},"18":{"start":{"line":62,"column":8},"end":{"line":62,"column":35}},"19":{"start":{"line":63,"column":8},"end":{"line":63,"column":94}},"20":{"start":{"line":68,"column":7},"end":{"line":80,"column":3}},"21":{"start":{"line":69,"column":4},"end":{"line":69,"column":185}},"22":{"start":{"line":70,"column":4},"end":{"line":79,"column":7}},"23":{"start":{"line":71,"column":6},"end":{"line":78,"column":7}},"24":{"start":{"line":72,"column":8},"end":{"line":72,"column":64}},"25":{"start":{"line":73,"column":8},"end":{"line":73,"column":28}},"26":{"start":{"line":76,"column":8},"end":{"line":76,"column":35}},"27":{"start":{"line":77,"column":8},"end":{"line":77,"column":94}},"28":{"start":{"line":109,"column":0},"end":{"line":135,"column":3}},"29":{"start":{"line":111,"column":18},"end":{"line":111,"column":35}},"30":{"start":{"line":112,"column":13},"end":{"line":112,"column":21}},"31":{"start":{"line":114,"column":2},"end":{"line":114,"column":33}},"32":{"start":{"line":116,"column":2},"end":{"line":119,"column":3}},"33":{"start":{"line":117,"column":4},"end":{"line":117,"column":72}},"34":{"start":{"line":118,"column":4},"end":{"line":118,"column":11}},"35":{"start":{"line":121,"column":2},"end":{"line":121,"column":163}},"36":{"start":{"line":122,"column":2},"end":{"line":122,"column":30}},"37":{"start":{"line":123,"column":2},"end":{"line":134,"column":5}},"38":{"start":{"line":124,"column":4},"end":{"line":133,"column":5}},"39":{"start":{"line":125,"column":6},"end":{"line":125,"column":53}},"40":{"start":{"line":126,"column":6},"end":{"line":126,"column":26}},"41":{"start":{"line":127,"column":6},"end":{"line":127,"column":13}},"42":{"start":{"line":130,"column":6},"end":{"line":130,"column":33}},"43":{"start":{"line":131,"column":6},"end":{"line":131,"column":26}},"44":{"start":{"line":132,"column":6},"end":{"line":132,"column":13}},"45":{"start":{"line":168,"column":0},"end":{"line":220,"column":3}},"46":{"start":{"line":169,"column":18},"end":{"line":169,"column":35}},"47":{"start":{"line":170,"column":17},"end":{"line":170,"column":33}},"48":{"start":{"line":171,"column":15},"end":{"line":171,"column":23}},"49":{"start":{"line":172,"column":2},"end":{"line":172,"column":20}},"50":{"start":{"line":174,"column":2},"end":{"line":210,"column":3}},"51":{"start":{"line":175,"column":4},"end":{"line":175,"column":24}},"52":{"start":{"line":176,"column":4},"end":{"line":176,"column":11}},"53":{"start":{"line":179,"column":7},"end":{"line":210,"column":3}},"54":{"start":{"line":180,"column":4},"end":{"line":180,"column":72}},"55":{"start":{"line":182,"column":4},"end":{"line":193,"column":7}},"56":{"start":{"line":183,"column":6},"end":{"line":192,"column":7}},"57":{"start":{"line":184,"column":8},"end":{"line":184,"column":58}},"58":{"start":{"line":185,"column":8},"end":{"line":185,"column":28}},"59":{"start":{"line":186,"column":8},"end":{"line":186,"column":15}},"60":{"start":{"line":189,"column":8},"end":{"line":189,"column":30}},"61":{"start":{"line":190,"column":8},"end":{"line":190,"column":28}},"62":{"start":{"line":191,"column":8},"end":{"line":191,"column":15}},"63":{"start":{"line":196,"column":7},"end":{"line":210,"column":3}},"64":{"start":{"line":197,"column":4},"end":{"line":197,"column":167}},"65":{"start":{"line":198,"column":4},"end":{"line":209,"column":7}},"66":{"start":{"line":199,"column":6},"end":{"line":208,"column":7}},"67":{"start":{"line":200,"column":8},"end":{"line":200,"column":58}},"68":{"start":{"line":201,"column":8},"end":{"line":201,"column":28}},"69":{"start":{"line":202,"column":8},"end":{"line":202,"column":15}},"70":{"start":{"line":205,"column":8},"end":{"line":205,"column":30}},"71":{"start":{"line":206,"column":8},"end":{"line":206,"column":28}},"72":{"start":{"line":207,"column":8},"end":{"line":207,"column":15}},"73":{"start":{"line":248,"column":0},"end":{"line":270,"column":3}},"74":{"start":{"line":249,"column":18},"end":{"line":249,"column":35}},"75":{"start":{"line":250,"column":17},"end":{"line":250,"column":33}},"76":{"start":{"line":253,"column":2},"end":{"line":268,"column":3}},"77":{"start":{"line":254,"column":4},"end":{"line":254,"column":24}},"78":{"start":{"line":256,"column":4},"end":{"line":256,"column":60}},"79":{"start":{"line":258,"column":4},"end":{"line":267,"column":7}},"80":{"start":{"line":259,"column":6},"end":{"line":266,"column":7}},"81":{"start":{"line":260,"column":8},"end":{"line":260,"column":58}},"82":{"start":{"line":261,"column":8},"end":{"line":261,"column":28}},"83":{"start":{"line":264,"column":8},"end":{"line":264,"column":30}},"84":{"start":{"line":265,"column":8},"end":{"line":265,"column":28}},"85":{"start":{"line":272,"column":0},"end":{"line":272,"column":24}}},"fnMap":{"0":{"name":"(anonymous_0)","decl":{"start":{"line":44,"column":16},"end":{"line":44,"column":17}},"loc":{"start":{"line":44,"column":30},"end":{"line":81,"column":1}},"line":44},"1":{"name":"(anonymous_1)","decl":{"start":{"line":56,"column":22},"end":{"line":56,"column":23}},"loc":{"start":{"line":56,"column":41},"end":{"line":65,"column":5}},"line":56},"2":{"name":"(anonymous_2)","decl":{"start":{"line":70,"column":22},"end":{"line":70,"column":23}},"loc":{"start":{"line":70,"column":41},"end":{"line":79,"column":5}},"line":70},"3":{"name":"(anonymous_3)","decl":{"start":{"line":109,"column":17},"end":{"line":109,"column":18}},"loc":{"start":{"line":109,"column":31},"end":{"line":135,"column":1}},"line":109},"4":{"name":"(anonymous_4)","decl":{"start":{"line":123,"column":126},"end":{"line":123,"column":127}},"loc":{"start":{"line":123,"column":145},"end":{"line":134,"column":3}},"line":123},"5":{"name":"(anonymous_5)","decl":{"start":{"line":168,"column":18},"end":{"line":168,"column":19}},"loc":{"start":{"line":168,"column":32},"end":{"line":220,"column":1}},"line":168},"6":{"name":"(anonymous_6)","decl":{"start":{"line":182,"column":48},"end":{"line":182,"column":49}},"loc":{"start":{"line":182,"column":67},"end":{"line":193,"column":5}},"line":182},"7":{"name":"(anonymous_7)","decl":{"start":{"line":198,"column":22},"end":{"line":198,"column":23}},"loc":{"start":{"line":198,"column":41},"end":{"line":209,"column":5}},"line":198},"8":{"name":"(anonymous_8)","decl":{"start":{"line":248,"column":19},"end":{"line":248,"column":20}},"loc":{"start":{"line":248,"column":33},"end":{"line":270,"column":1}},"line":248},"9":{"name":"(anonymous_9)","decl":{"start":{"line":258,"column":32},"end":{"line":258,"column":33}},"loc":{"start":{"line":258,"column":51},"end":{"line":267,"column":5}},"line":258}},"branchMap":{"0":{"loc":{"start":{"line":49,"column":2},"end":{"line":80,"column":3}},"type":"if","locations":[{"start":{"line":49,"column":2},"end":{"line":80,"column":3}},{"start":{"line":49,"column":2},"end":{"line":80,"column":3}}],"line":49},"1":{"loc":{"start":{"line":49,"column":6},"end":{"line":49,"column":51}},"type":"binary-expr","locations":[{"start":{"line":49,"column":7},"end":{"line":49,"column":15}},{"start":{"line":49,"column":19},"end":{"line":49,"column":26}},{"start":{"line":49,"column":32},"end":{"line":49,"column":40}},{"start":{"line":49,"column":44},"end":{"line":49,"column":50}}],"line":49},"2":{"loc":{"start":{"line":54,"column":7},"end":{"line":80,"column":3}},"type":"if","locations":[{"start":{"line":54,"column":7},"end":{"line":80,"column":3}},{"start":{"line":54,"column":7},"end":{"line":80,"column":3}}],"line":54},"3":{"loc":{"start":{"line":54,"column":11},"end":{"line":54,"column":28}},"type":"binary-expr","locations":[{"start":{"line":54,"column":11},"end":{"line":54,"column":18}},{"start":{"line":54,"column":22},"end":{"line":54,"column":28}}],"line":54},"4":{"loc":{"start":{"line":57,"column":6},"end":{"line":64,"column":7}},"type":"if","locations":[{"start":{"line":57,"column":6},"end":{"line":64,"column":7}},{"start":{"line":57,"column":6},"end":{"line":64,"column":7}}],"line":57},"5":{"loc":{"start":{"line":63,"column":8},"end":{"line":63,"column":93}},"type":"cond-expr","locations":[{"start":{"line":63,"column":36},"end":{"line":63,"column":71}},{"start":{"line":63,"column":74},"end":{"line":63,"column":93}}],"line":63},"6":{"loc":{"start":{"line":68,"column":7},"end":{"line":80,"column":3}},"type":"if","locations":[{"start":{"line":68,"column":7},"end":{"line":80,"column":3}},{"start":{"line":68,"column":7},"end":{"line":80,"column":3}}],"line":68},"7":{"loc":{"start":{"line":71,"column":6},"end":{"line":78,"column":7}},"type":"if","locations":[{"start":{"line":71,"column":6},"end":{"line":78,"column":7}},{"start":{"line":71,"column":6},"end":{"line":78,"column":7}}],"line":71},"8":{"loc":{"start":{"line":77,"column":8},"end":{"line":77,"column":93}},"type":"cond-expr","locations":[{"start":{"line":77,"column":36},"end":{"line":77,"column":71}},{"start":{"line":77,"column":74},"end":{"line":77,"column":93}}],"line":77},"9":{"loc":{"start":{"line":116,"column":2},"end":{"line":119,"column":3}},"type":"if","locations":[{"start":{"line":116,"column":2},"end":{"line":119,"column":3}},{"start":{"line":116,"column":2},"end":{"line":119,"column":3}}],"line":116},"10":{"loc":{"start":{"line":116,"column":6},"end":{"line":116,"column":23}},"type":"binary-expr","locations":[{"start":{"line":116,"column":6},"end":{"line":116,"column":14}},{"start":{"line":116,"column":18},"end":{"line":116,"column":23}}],"line":116},"11":{"loc":{"start":{"line":124,"column":4},"end":{"line":133,"column":5}},"type":"if","locations":[{"start":{"line":124,"column":4},"end":{"line":133,"column":5}},{"start":{"line":124,"column":4},"end":{"line":133,"column":5}}],"line":124},"12":{"loc":{"start":{"line":174,"column":2},"end":{"line":210,"column":3}},"type":"if","locations":[{"start":{"line":174,"column":2},"end":{"line":210,"column":3}},{"start":{"line":174,"column":2},"end":{"line":210,"column":3}}],"line":174},"13":{"loc":{"start":{"line":174,"column":6},"end":{"line":174,"column":34}},"type":"binary-expr","locations":[{"start":{"line":174,"column":6},"end":{"line":174,"column":14}},{"start":{"line":174,"column":18},"end":{"line":174,"column":25}},{"start":{"line":174,"column":29},"end":{"line":174,"column":34}}],"line":174},"14":{"loc":{"start":{"line":179,"column":7},"end":{"line":210,"column":3}},"type":"if","locations":[{"start":{"line":179,"column":7},"end":{"line":210,"column":3}},{"start":{"line":179,"column":7},"end":{"line":210,"column":3}}],"line":179},"15":{"loc":{"start":{"line":183,"column":6},"end":{"line":192,"column":7}},"type":"if","locations":[{"start":{"line":183,"column":6},"end":{"line":192,"column":7}},{"start":{"line":183,"column":6},"end":{"line":192,"column":7}}],"line":183},"16":{"loc":{"start":{"line":196,"column":7},"end":{"line":210,"column":3}},"type":"if","locations":[{"start":{"line":196,"column":7},"end":{"line":210,"column":3}},{"start":{"line":196,"column":7},"end":{"line":210,"column":3}}],"line":196},"17":{"loc":{"start":{"line":199,"column":6},"end":{"line":208,"column":7}},"type":"if","locations":[{"start":{"line":199,"column":6},"end":{"line":208,"column":7}},{"start":{"line":199,"column":6},"end":{"line":208,"column":7}}],"line":199},"18":{"loc":{"start":{"line":253,"column":2},"end":{"line":268,"column":3}},"type":"if","locations":[{"start":{"line":253,"column":2},"end":{"line":268,"column":3}},{"start":{"line":253,"column":2},"end":{"line":268,"column":3}}],"line":253},"19":{"loc":{"start":{"line":253,"column":6},"end":{"line":253,"column":25}},"type":"binary-expr","locations":[{"start":{"line":253,"column":6},"end":{"line":253,"column":14}},{"start":{"line":253,"column":18},"end":{"line":253,"column":25}}],"line":253},"20":{"loc":{"start":{"line":259,"column":6},"end":{"line":266,"column":7}},"type":"if","locations":[{"start":{"line":259,"column":6},"end":{"line":266,"column":7}},{"start":{"line":259,"column":6},"end":{"line":266,"column":7}}],"line":259}},"s":{"0":6,"1":6,"2":6,"3":6,"4":6,"5":6,"6":7,"7":7,"8":7,"9":7,"10":2,"11":2,"12":5,"13":3,"14":3,"15":3,"16":0,"17":0,"18":3,"19":3,"20":2,"21":2,"22":2,"23":2,"24":0,"25":0,"26":2,"27":2,"28":6,"29":3,"30":3,"31":3,"32":3,"33":1,"34":1,"35":2,"36":2,"37":2,"38":2,"39":1,"40":1,"41":1,"42":1,"43":1,"44":1,"45":6,"46":3,"47":3,"48":3,"49":3,"50":3,"51":1,"52":1,"53":2,"54":1,"55":1,"56":1,"57":0,"58":0,"59":0,"60":1,"61":1,"62":1,"63":1,"64":1,"65":1,"66":1,"67":0,"68":0,"69":0,"70":1,"71":1,"72":1,"73":6,"74":1,"75":1,"76":1,"77":1,"78":0,"79":0,"80":0,"81":0,"82":0,"83":0,"84":0,"85":6},"f":{"0":7,"1":3,"2":2,"3":3,"4":2,"5":3,"6":1,"7":1,"8":1,"9":0},"b":{"0":[2,5],"1":[7,2,6,1],"2":[3,2],"3":[5,5],"4":[0,3],"5":[1,2],"6":[2,0],"7":[0,2],"8":[1,1],"9":[1,2],"10":[3,2],"11":[1,1],"12":[1,2],"13":[3,3,2],"14":[1,1],"15":[0,1],"16":[1,0],"17":[0,1],"18":[1,0],"19":[1,0],"20":[0,0]},"_coverageSchema":"1a1c01bbd47fc00a2c39e90264f33305004495a9","hash":"7bad39c28e27608ed85524744acee904b9557fc2"}
,"C:\\Users\\tatyg\\Desktop\\Senior Design\\chorescence-api\\routes\\user.js": {"path":"C:\\Users\\tatyg\\Desktop\\Senior Design\\chorescence-api\\routes\\user.js","statementMap":{"0":{"start":{"line":2,"column":16},"end":{"line":2,"column":34}},"1":{"start":{"line":4,"column":15},"end":{"line":4,"column":31}},"2":{"start":{"line":5,"column":0},"end":{"line":5,"column":27}},"3":{"start":{"line":8,"column":11},"end":{"line":8,"column":37}},"4":{"start":{"line":10,"column":12},"end":{"line":10,"column":22}},"5":{"start":{"line":13,"column":15},"end":{"line":13,"column":28}},"6":{"start":{"line":14,"column":13},"end":{"line":19,"column":2}},"7":{"start":{"line":43,"column":0},"end":{"line":63,"column":3}},"8":{"start":{"line":44,"column":17},"end":{"line":44,"column":29}},"9":{"start":{"line":45,"column":2},"end":{"line":61,"column":3}},"10":{"start":{"line":46,"column":4},"end":{"line":46,"column":67}},"11":{"start":{"line":50,"column":4},"end":{"line":50,"column":116}},"12":{"start":{"line":51,"column":4},"end":{"line":60,"column":7}},"13":{"start":{"line":52,"column":6},"end":{"line":59,"column":7}},"14":{"start":{"line":53,"column":8},"end":{"line":53,"column":64}},"15":{"start":{"line":54,"column":8},"end":{"line":54,"column":28}},"16":{"start":{"line":57,"column":8},"end":{"line":57,"column":35}},"17":{"start":{"line":58,"column":8},"end":{"line":58,"column":97}},"18":{"start":{"line":86,"column":0},"end":{"line":106,"column":3}},"19":{"start":{"line":87,"column":15},"end":{"line":87,"column":23}},"20":{"start":{"line":88,"column":2},"end":{"line":88,"column":30}},"21":{"start":{"line":90,"column":2},"end":{"line":105,"column":3}},"22":{"start":{"line":91,"column":4},"end":{"line":91,"column":51}},"23":{"start":{"line":94,"column":2},"end":{"line":94,"column":119}},"24":{"start":{"line":95,"column":2},"end":{"line":104,"column":5}},"25":{"start":{"line":96,"column":4},"end":{"line":103,"column":5}},"26":{"start":{"line":97,"column":6},"end":{"line":97,"column":56}},"27":{"start":{"line":98,"column":6},"end":{"line":98,"column":26}},"28":{"start":{"line":101,"column":6},"end":{"line":101,"column":33}},"29":{"start":{"line":102,"column":6},"end":{"line":102,"column":26}},"30":{"start":{"line":162,"column":0},"end":{"line":180,"column":3}},"31":{"start":{"line":163,"column":17},"end":{"line":163,"column":29}},"32":{"start":{"line":164,"column":2},"end":{"line":179,"column":3}},"33":{"start":{"line":165,"column":4},"end":{"line":165,"column":67}},"34":{"start":{"line":168,"column":2},"end":{"line":168,"column":99}},"35":{"start":{"line":169,"column":2},"end":{"line":178,"column":5}},"36":{"start":{"line":170,"column":4},"end":{"line":177,"column":5}},"37":{"start":{"line":172,"column":6},"end":{"line":172,"column":26}},"38":{"start":{"line":175,"column":6},"end":{"line":175,"column":33}},"39":{"start":{"line":176,"column":6},"end":{"line":176,"column":92}},"40":{"start":{"line":183,"column":0},"end":{"line":183,"column":24}}},"fnMap":{"0":{"name":"(anonymous_0)","decl":{"start":{"line":43,"column":16},"end":{"line":43,"column":17}},"loc":{"start":{"line":43,"column":30},"end":{"line":63,"column":1}},"line":43},"1":{"name":"(anonymous_1)","decl":{"start":{"line":51,"column":22},"end":{"line":51,"column":23}},"loc":{"start":{"line":51,"column":41},"end":{"line":60,"column":5}},"line":51},"2":{"name":"(anonymous_2)","decl":{"start":{"line":86,"column":23},"end":{"line":86,"column":24}},"loc":{"start":{"line":86,"column":37},"end":{"line":106,"column":1}},"line":86},"3":{"name":"(anonymous_3)","decl":{"start":{"line":95,"column":114},"end":{"line":95,"column":115}},"loc":{"start":{"line":95,"column":133},"end":{"line":104,"column":3}},"line":95},"4":{"name":"(anonymous_4)","decl":{"start":{"line":162,"column":22},"end":{"line":162,"column":23}},"loc":{"start":{"line":162,"column":36},"end":{"line":180,"column":1}},"line":162},"5":{"name":"(anonymous_5)","decl":{"start":{"line":169,"column":20},"end":{"line":169,"column":21}},"loc":{"start":{"line":169,"column":39},"end":{"line":178,"column":3}},"line":169}},"branchMap":{"0":{"loc":{"start":{"line":45,"column":2},"end":{"line":61,"column":3}},"type":"if","locations":[{"start":{"line":45,"column":2},"end":{"line":61,"column":3}},{"start":{"line":45,"column":2},"end":{"line":61,"column":3}}],"line":45},"1":{"loc":{"start":{"line":52,"column":6},"end":{"line":59,"column":7}},"type":"if","locations":[{"start":{"line":52,"column":6},"end":{"line":59,"column":7}},{"start":{"line":52,"column":6},"end":{"line":59,"column":7}}],"line":52},"2":{"loc":{"start":{"line":58,"column":8},"end":{"line":58,"column":96}},"type":"cond-expr","locations":[{"start":{"line":58,"column":36},"end":{"line":58,"column":74}},{"start":{"line":58,"column":77},"end":{"line":58,"column":96}}],"line":58},"3":{"loc":{"start":{"line":90,"column":2},"end":{"line":105,"column":3}},"type":"if","locations":[{"start":{"line":90,"column":2},"end":{"line":105,"column":3}},{"start":{"line":90,"column":2},"end":{"line":105,"column":3}}],"line":90},"4":{"loc":{"start":{"line":90,"column":6},"end":{"line":90,"column":173}},"type":"binary-expr","locations":[{"start":{"line":90,"column":6},"end":{"line":90,"column":38}},{"start":{"line":90,"column":42},"end":{"line":90,"column":71}},{"start":{"line":90,"column":75},"end":{"line":90,"column":107}},{"start":{"line":90,"column":111},"end":{"line":90,"column":140}},{"start":{"line":90,"column":144},"end":{"line":90,"column":173}}],"line":90},"5":{"loc":{"start":{"line":96,"column":4},"end":{"line":103,"column":5}},"type":"if","locations":[{"start":{"line":96,"column":4},"end":{"line":103,"column":5}},{"start":{"line":96,"column":4},"end":{"line":103,"column":5}}],"line":96},"6":{"loc":{"start":{"line":164,"column":2},"end":{"line":179,"column":3}},"type":"if","locations":[{"start":{"line":164,"column":2},"end":{"line":179,"column":3}},{"start":{"line":164,"column":2},"end":{"line":179,"column":3}}],"line":164},"7":{"loc":{"start":{"line":170,"column":4},"end":{"line":177,"column":5}},"type":"if","locations":[{"start":{"line":170,"column":4},"end":{"line":177,"column":5}},{"start":{"line":170,"column":4},"end":{"line":177,"column":5}}],"line":170},"8":{"loc":{"start":{"line":176,"column":6},"end":{"line":176,"column":91}},"type":"cond-expr","locations":[{"start":{"line":176,"column":34},"end":{"line":176,"column":69}},{"start":{"line":176,"column":72},"end":{"line":176,"column":91}}],"line":176}},"s":{"0":6,"1":6,"2":6,"3":6,"4":6,"5":6,"6":6,"7":6,"8":3,"9":3,"10":1,"11":2,"12":2,"13":2,"14":0,"15":0,"16":2,"17":2,"18":6,"19":1,"20":1,"21":1,"22":1,"23":0,"24":0,"25":0,"26":0,"27":0,"28":0,"29":0,"30":6,"31":3,"32":3,"33":1,"34":2,"35":2,"36":2,"37":1,"38":1,"39":1,"40":6},"f":{"0":3,"1":2,"2":1,"3":0,"4":3,"5":2},"b":{"0":[1,2],"1":[0,2],"2":[1,1],"3":[1,0],"4":[1,0,0,0,0],"5":[0,0],"6":[1,2],"7":[1,1],"8":[1,0]},"_coverageSchema":"1a1c01bbd47fc00a2c39e90264f33305004495a9","hash":"7477edca4a848f6048bfb09a9f069a810e254853"}
,"C:\\Users\\tatyg\\Desktop\\Senior Design\\chorescence-api\\util\\data.js": {"path":"C:\\Users\\tatyg\\Desktop\\Senior Design\\chorescence-api\\util\\data.js","statementMap":{"0":{"start":{"line":1,"column":14},"end":{"line":64,"column":1}},"1":{"start":{"line":66,"column":15},"end":{"line":202,"column":1}},"2":{"start":{"line":204,"column":0},"end":{"line":204,"column":29}},"3":{"start":{"line":205,"column":0},"end":{"line":205,"column":31}}},"fnMap":{},"branchMap":{},"s":{"0":6,"1":6,"2":6,"3":6},"f":{},"b":{},"_coverageSchema":"1a1c01bbd47fc00a2c39e90264f33305004495a9","hash":"c92c346929850632960578b06e6029938316cf98"}
}
