TN:
SF:app.js
FN:8,(anonymous_0)
FN:52,(anonymous_1)
FNF:2
FNH:2
FNDA:40,(anonymous_0)
FNDA:1,(anonymous_1)
DA:1,6
DA:2,6
DA:3,6
DA:5,6
DA:8,6
DA:9,40
DA:10,40
DA:11,40
DA:12,40
DA:16,6
DA:28,6
DA:31,6
DA:32,6
DA:33,6
DA:34,6
DA:35,6
DA:38,6
DA:39,6
DA:40,6
DA:41,6
DA:42,6
DA:45,6
DA:52,6
DA:53,1
DA:56,6
LF:25
LH:25
BRF:0
BRH:0
end_of_record
TN:
SF:routes\group.js
FN:44,(anonymous_0)
FN:52,(anonymous_1)
FN:95,(anonymous_2)
FN:105,(anonymous_3)
FN:185,(anonymous_4)
FN:195,(anonymous_5)
FN:228,(anonymous_6)
FN:236,(anonymous_7)
FNF:8
FNH:7
FNDA:3,(anonymous_0)
FNDA:2,(anonymous_1)
FNDA:2,(anonymous_2)
FNDA:1,(anonymous_3)
FNDA:1,(anonymous_4)
FNDA:0,(anonymous_5)
FNDA:1,(anonymous_6)
FNDA:1,(anonymous_7)
DA:2,6
DA:4,6
DA:6,6
DA:9,6
DA:11,6
DA:14,6
DA:15,6
DA:16,6
DA:44,6
DA:46,3
DA:47,3
DA:48,1
DA:51,2
DA:52,2
DA:53,2
DA:54,0
DA:55,0
DA:58,2
DA:59,2
DA:95,6
DA:96,2
DA:97,2
DA:99,2
DA:100,1
DA:104,1
DA:105,1
DA:106,1
DA:107,0
DA:108,0
DA:111,1
DA:112,1
DA:185,6
DA:186,1
DA:187,1
DA:188,1
DA:189,1
DA:193,0
DA:194,0
DA:195,0
DA:196,0
DA:197,0
DA:198,0
DA:201,0
DA:202,0
DA:228,6
DA:229,1
DA:230,1
DA:231,0
DA:235,1
DA:236,1
DA:237,1
DA:238,0
DA:239,0
DA:242,1
DA:243,1
DA:249,6
LF:56
LH:41
BRDA:47,0,0,1
BRDA:47,0,1,2
BRDA:53,1,0,0
BRDA:53,1,1,2
BRDA:59,2,0,1
BRDA:59,2,1,1
BRDA:99,3,0,1
BRDA:99,3,1,1
BRDA:99,4,0,2
BRDA:99,4,1,1
BRDA:106,5,0,0
BRDA:106,5,1,1
BRDA:188,6,0,1
BRDA:188,6,1,0
BRDA:188,7,0,1
BRDA:188,7,1,0
BRDA:196,8,0,0
BRDA:196,8,1,0
BRDA:230,9,0,0
BRDA:230,9,1,1
BRDA:237,10,0,0
BRDA:237,10,1,1
BRF:22
BRH:14
end_of_record
TN:
SF:routes\login.js
FN:40,(anonymous_0)
FN:48,(anonymous_1)
FNF:2
FNH:2
FNDA:5,(anonymous_0)
FNDA:2,(anonymous_1)
DA:2,6
DA:4,6
DA:6,6
DA:7,6
DA:8,6
DA:40,6
DA:41,5
DA:42,5
DA:44,5
DA:45,3
DA:47,2
DA:48,2
DA:49,2
DA:50,0
DA:51,0
DA:54,2
DA:55,2
DA:63,6
LF:18
LH:16
BRDA:44,0,0,3
BRDA:44,0,1,2
BRDA:44,1,0,5
BRDA:44,1,1,3
BRDA:49,2,0,0
BRDA:49,2,1,2
BRDA:55,3,0,1
BRDA:55,3,1,1
BRF:8
BRH:7
end_of_record
TN:
SF:routes\signup.js
FN:55,(anonymous_0)
FN:72,(anonymous_1)
FNF:2
FNH:1
FNDA:6,(anonymous_0)
FNDA:0,(anonymous_1)
DA:2,6
DA:4,6
DA:6,6
DA:7,6
DA:8,6
DA:55,6
DA:56,6
DA:57,6
DA:58,6
DA:59,6
DA:60,6
DA:62,6
DA:63,6
DA:64,6
DA:67,6
DA:68,6
DA:69,6
DA:71,0
DA:72,0
DA:73,0
DA:74,0
DA:75,0
DA:78,0
DA:79,0
DA:87,6
LF:25
LH:18
BRDA:62,0,0,6
BRDA:62,0,1,0
BRDA:68,1,0,6
BRDA:68,1,1,0
BRDA:68,2,0,6
BRDA:68,2,1,4
BRDA:68,2,2,3
BRDA:68,2,3,0
BRDA:68,2,4,0
BRDA:73,3,0,0
BRDA:73,3,1,0
BRF:11
BRH:5
end_of_record
TN:
SF:routes\tasks.js
FN:44,(anonymous_0)
FN:56,(anonymous_1)
FN:70,(anonymous_2)
FN:109,(anonymous_3)
FN:123,(anonymous_4)
FN:168,(anonymous_5)
FN:182,(anonymous_6)
FN:198,(anonymous_7)
FN:248,(anonymous_8)
FN:258,(anonymous_9)
FNF:10
FNH:9
FNDA:7,(anonymous_0)
FNDA:3,(anonymous_1)
FNDA:2,(anonymous_2)
FNDA:3,(anonymous_3)
FNDA:2,(anonymous_4)
FNDA:3,(anonymous_5)
FNDA:1,(anonymous_6)
FNDA:1,(anonymous_7)
FNDA:1,(anonymous_8)
FNDA:0,(anonymous_9)
DA:2,6
DA:4,6
DA:6,6
DA:9,6
DA:10,6
DA:44,6
DA:45,7
DA:46,7
DA:47,7
DA:49,7
DA:50,2
DA:51,2
DA:54,5
DA:55,3
DA:56,3
DA:57,3
DA:58,0
DA:59,0
DA:62,3
DA:63,3
DA:68,2
DA:69,2
DA:70,2
DA:71,2
DA:72,0
DA:73,0
DA:76,2
DA:77,2
DA:109,6
DA:111,3
DA:112,3
DA:114,3
DA:116,3
DA:117,1
DA:118,1
DA:121,2
DA:122,2
DA:123,2
DA:124,2
DA:125,1
DA:126,1
DA:127,1
DA:130,1
DA:131,1
DA:132,1
DA:168,6
DA:169,3
DA:170,3
DA:171,3
DA:172,3
DA:174,3
DA:175,1
DA:176,1
DA:179,2
DA:180,1
DA:182,1
DA:183,1
DA:184,0
DA:185,0
DA:186,0
DA:189,1
DA:190,1
DA:191,1
DA:196,1
DA:197,1
DA:198,1
DA:199,1
DA:200,0
DA:201,0
DA:202,0
DA:205,1
DA:206,1
DA:207,1
DA:248,6
DA:249,1
DA:250,1
DA:253,1
DA:254,1
DA:256,0
DA:258,0
DA:259,0
DA:260,0
DA:261,0
DA:264,0
DA:265,0
DA:272,6
LF:86
LH:69
BRDA:49,0,0,2
BRDA:49,0,1,5
BRDA:49,1,0,7
BRDA:49,1,1,2
BRDA:49,1,2,6
BRDA:49,1,3,1
BRDA:54,2,0,3
BRDA:54,2,1,2
BRDA:54,3,0,5
BRDA:54,3,1,5
BRDA:57,4,0,0
BRDA:57,4,1,3
BRDA:63,5,0,1
BRDA:63,5,1,2
BRDA:68,6,0,2
BRDA:68,6,1,0
BRDA:71,7,0,0
BRDA:71,7,1,2
BRDA:77,8,0,1
BRDA:77,8,1,1
BRDA:116,9,0,1
BRDA:116,9,1,2
BRDA:116,10,0,3
BRDA:116,10,1,2
BRDA:124,11,0,1
BRDA:124,11,1,1
BRDA:174,12,0,1
BRDA:174,12,1,2
BRDA:174,13,0,3
BRDA:174,13,1,3
BRDA:174,13,2,2
BRDA:179,14,0,1
BRDA:179,14,1,1
BRDA:183,15,0,0
BRDA:183,15,1,1
BRDA:196,16,0,1
BRDA:196,16,1,0
BRDA:199,17,0,0
BRDA:199,17,1,1
BRDA:253,18,0,1
BRDA:253,18,1,0
BRDA:253,19,0,1
BRDA:253,19,1,0
BRDA:259,20,0,0
BRDA:259,20,1,0
BRF:45
BRH:35
end_of_record
TN:
SF:routes\user.js
FN:43,(anonymous_0)
FN:51,(anonymous_1)
FN:86,(anonymous_2)
FN:95,(anonymous_3)
FN:162,(anonymous_4)
FN:169,(anonymous_5)
FNF:6
FNH:5
FNDA:3,(anonymous_0)
FNDA:2,(anonymous_1)
FNDA:1,(anonymous_2)
FNDA:0,(anonymous_3)
FNDA:3,(anonymous_4)
FNDA:2,(anonymous_5)
DA:2,6
DA:4,6
DA:5,6
DA:8,6
DA:10,6
DA:13,6
DA:14,6
DA:43,6
DA:44,3
DA:45,3
DA:46,1
DA:50,2
DA:51,2
DA:52,2
DA:53,0
DA:54,0
DA:57,2
DA:58,2
DA:86,6
DA:87,1
DA:88,1
DA:90,1
DA:91,1
DA:94,0
DA:95,0
DA:96,0
DA:97,0
DA:98,0
DA:101,0
DA:102,0
DA:162,6
DA:163,3
DA:164,3
DA:165,1
DA:168,2
DA:169,2
DA:170,2
DA:172,1
DA:175,1
DA:176,1
DA:183,6
LF:41
LH:32
BRDA:45,0,0,1
BRDA:45,0,1,2
BRDA:52,1,0,0
BRDA:52,1,1,2
BRDA:58,2,0,1
BRDA:58,2,1,1
BRDA:90,3,0,1
BRDA:90,3,1,0
BRDA:90,4,0,1
BRDA:90,4,1,0
BRDA:90,4,2,0
BRDA:90,4,3,0
BRDA:90,4,4,0
BRDA:96,5,0,0
BRDA:96,5,1,0
BRDA:164,6,0,1
BRDA:164,6,1,2
BRDA:170,7,0,1
BRDA:170,7,1,1
BRDA:176,8,0,1
BRDA:176,8,1,0
BRF:21
BRH:12
end_of_record
TN:
SF:util\data.js
FNF:0
FNH:0
DA:1,6
DA:66,6
DA:204,6
DA:205,6
LF:4
LH:4
BRF:0
BRH:0
end_of_record
